Using pre-set license
Built from '2020.2/staging' branch; Version is '2020.2.6f1 (8a2143876886) revision 9052483'; Using compiler version '192528614'; Build Type 'Release'
OS: 'Windows 10 Pro; OS build 19041.867; Version 2004; 64bit' Language: 'en' Physical Memory: 16265 MB
BatchMode: 1, IsHumanControllingUs: 0, StartBugReporterOnCrash: 0, Is64bit: 1, IsPro: 0

 COMMAND LINE ARGUMENTS:
C:\Program Files\Unity\Hub\Editor\2020.2.6f1\Editor\Unity.exe
-adb2
-batchMode
-noUpm
-name
AssetImportWorker0
-projectPath
C:/Users/Laptop/Downloads/Artur-main/New Project
-logFile
Logs/AssetImportWorker0.log
-srvPort
63546
Successfully changed project path to: C:/Users/Laptop/Downloads/Artur-main/New Project
C:/Users/Laptop/Downloads/Artur-main/New Project
Using Asset Import Pipeline V2.
Refreshing native plugins compatible for Editor in 54.59 ms, found 0 plugins.
Preloading 0 native plugins for Editor in 0.00 ms.
Initialize engine version: 2020.2.6f1 (8a2143876886)
[Subsystems] Discovering subsystems at path C:/Program Files/Unity/Hub/Editor/2020.2.6f1/Editor/Data/Resources/UnitySubsystems
[Subsystems] Discovering subsystems at path C:/Users/Laptop/Downloads/Artur-main/New Project/Assets
GfxDevice: creating device client; threaded=0
Direct3D:
    Version:  Direct3D 11.0 [level 11.0]
    Renderer: NVIDIA Quadro K2100M (ID=0x11fc)
    Vendor:   
    VRAM:     2007 MB
    Driver:   23.21.13.9065
Initialize mono
Mono path[0] = 'C:/Program Files/Unity/Hub/Editor/2020.2.6f1/Editor/Data/Managed'
Mono path[1] = 'C:/Program Files/Unity/Hub/Editor/2020.2.6f1/Editor/Data/MonoBleedingEdge/lib/mono/unityjit'
Mono config path = 'C:/Program Files/Unity/Hub/Editor/2020.2.6f1/Editor/Data/MonoBleedingEdge/etc'
Using monoOptions --debugger-agent=transport=dt_socket,embedding=1,server=y,suspend=n,address=127.0.0.1:56792
Begin MonoManager ReloadAssembly
Registering precompiled unity dll's ...
Register platform support module: C:/Program Files/Unity/Hub/Editor/2020.2.6f1/Editor/Data/PlaybackEngines/WindowsStandaloneSupport/UnityEditor.WindowsStandalone.Extensions.dll
Registered in 0.002277 seconds.
Native extension for WindowsStandalone target not found
Refreshing native plugins compatible for Editor in 50.00 ms, found 0 plugins.
Preloading 0 native plugins for Editor in 0.00 ms.
Invoked RoslynAnalysisRunner static constructor.
RoslynAnalysisRunner will not be running.
RoslynAnalysisRunner has terminated.
Mono: successfully reloaded assembly
- Completed reload, in  1.164 seconds
Platform modules already initialized, skipping
Registering precompiled user dll's ...
Registered in 0.003111 seconds.
Begin MonoManager ReloadAssembly
Native extension for WindowsStandalone target not found
Refreshing native plugins compatible for Editor in 0.67 ms, found 0 plugins.
Preloading 0 native plugins for Editor in 0.00 ms.
Invoked RoslynAnalysisRunner static constructor.
RoslynAnalysisRunner will not be running.
RoslynAnalysisRunner has terminated.
Mono: successfully reloaded assembly
- Completed reload, in  1.020 seconds
Platform modules already initialized, skipping
========================================================================
Worker process is ready to serve import requests
Launched and connected shader compiler UnityShaderCompiler.exe after 0.05 seconds
Refreshing native plugins compatible for Editor in 0.54 ms, found 0 plugins.
Preloading 0 native plugins for Editor in 0.00 ms.
Unloading 1389 Unused Serialized files (Serialized files now loaded: 0)
System memory in use before: 86.6 MB.
System memory in use after: 86.4 MB.

Unloading 18 unused Assets to reduce memory usage. Loaded Objects now: 1857.
Total: 4.230900 ms (FindLiveObjects: 0.269700 ms CreateObjectMapping: 0.117400 ms MarkObjects: 3.144300 ms  DeleteObjects: 0.697100 ms)

========================================================================
Received Import Request.
  path: Assets/My Game/My Prefabs/EnemyDroid Variant.prefab
  artifactKey: Guid(b4ed2c963db0d4948a99a765d0af4e84) Importer(815301076,1909f56bfc062723c751e8b465ee728b)
Start importing Assets/My Game/My Prefabs/EnemyDroid Variant.prefab using Guid(b4ed2c963db0d4948a99a765d0af4e84) Importer(815301076,1909f56bfc062723c751e8b465ee728b)  -> (artifact id: '91375c503a00ec837e819c078b8076bb') in 0.442516 seconds
  Import took 0.448980 seconds .

========================================================================
Received Import Request.
  Time since last request: 0.003535 seconds.
  path: Assets/My Game/My Scenes/Template Scene.unity
  artifactKey: Guid(efe3c843bcf762647a003899f9699989) Importer(815301076,1909f56bfc062723c751e8b465ee728b)
Start importing Assets/My Game/My Scenes/Template Scene.unity using Guid(efe3c843bcf762647a003899f9699989) Importer(815301076,1909f56bfc062723c751e8b465ee728b)  -> (artifact id: '65522189773e88008b680b371e5de96b') in 0.007528 seconds
  Import took 0.010880 seconds .

========================================================================
Received Import Request.
  Time since last request: 0.002426 seconds.
  path: Assets/My Game/My Scenes
  artifactKey: Guid(5efa43f4cdb072041af866fb36b7112f) Importer(815301076,1909f56bfc062723c751e8b465ee728b)
Start importing Assets/My Game/My Scenes using Guid(5efa43f4cdb072041af866fb36b7112f) Importer(815301076,1909f56bfc062723c751e8b465ee728b)  -> (artifact id: '7ed1f5a84ce2e28346972c12702afb46') in 0.006518 seconds
  Import took 0.009492 seconds .

========================================================================
Received Import Request.
  Time since last request: 0.003151 seconds.
  path: Assets/My Game/My Prefabs/New Material.mat
  artifactKey: Guid(b0c0a22b2a434fa448383a0de831e99f) Importer(815301076,1909f56bfc062723c751e8b465ee728b)
Start importing Assets/My Game/My Prefabs/New Material.mat using Guid(b0c0a22b2a434fa448383a0de831e99f) Importer(815301076,1909f56bfc062723c751e8b465ee728b)  -> (artifact id: '4f4c6d7f7eac8a371f7eee2259fd9144') in 0.140361 seconds
  Import took 0.144178 seconds .

========================================================================
Received Import Request.
  Time since last request: 0.003642 seconds.
  path: Assets/My Game/My Prefabs/Tree_Pine_Curve 1.prefab
  artifactKey: Guid(7a0c2106b5992e4419d4a0d86517662c) Importer(815301076,1909f56bfc062723c751e8b465ee728b)
Start importing Assets/My Game/My Prefabs/Tree_Pine_Curve 1.prefab using Guid(7a0c2106b5992e4419d4a0d86517662c) Importer(815301076,1909f56bfc062723c751e8b465ee728b)  -> (artifact id: '6375aef2ffb2538c86fa55826be66fa5') in 0.015210 seconds
  Import took 0.019105 seconds .

========================================================================
Received Import Request.
  Time since last request: 0.005204 seconds.
  path: Assets/My Game/My Scripts/GameScript.cs
  artifactKey: Guid(416d3cc090492f943bf69f179f02054f) Importer(815301076,1909f56bfc062723c751e8b465ee728b)
Start importing Assets/My Game/My Scripts/GameScript.cs using Guid(416d3cc090492f943bf69f179f02054f) Importer(815301076,1909f56bfc062723c751e8b465ee728b)  -> (artifact id: 'eb7a0cb40fc3ae2dbadddf59af443dfe') in 0.011476 seconds
  Import took 0.014863 seconds .

========================================================================
Received Import Request.
  Time since last request: 0.002971 seconds.
  path: Assets/My Game/My Scripts/New Lighting Settings.lighting
  artifactKey: Guid(39c446cb66c6daa4d8ca0b538b3bf0a6) Importer(815301076,1909f56bfc062723c751e8b465ee728b)
Start importing Assets/My Game/My Scripts/New Lighting Settings.lighting using Guid(39c446cb66c6daa4d8ca0b538b3bf0a6) Importer(815301076,1909f56bfc062723c751e8b465ee728b)  -> (artifact id: 'e578057378ec912f8b07ffb42a95c0e5') in 0.010860 seconds
  Import took 0.014398 seconds .

========================================================================
Received Import Request.
  Time since last request: 0.003203 seconds.
  path: Assets/My Game/My Prefabs/EnemySpider (1).prefab
  artifactKey: Guid(0b46d971bfb1f3d45bf61c559cbc3668) Importer(815301076,1909f56bfc062723c751e8b465ee728b)
Start importing Assets/My Game/My Prefabs/EnemySpider (1).prefab using Guid(0b46d971bfb1f3d45bf61c559cbc3668) Importer(815301076,1909f56bfc062723c751e8b465ee728b)  -> (artifact id: 'b25786abfa0171dd4c85ce2c3dddc58b') in 0.139726 seconds
  Import took 0.143756 seconds .

========================================================================
Received Import Request.
  Time since last request: 0.004967 seconds.
  path: Assets/My Game/My Prefabs/Projectile 1.prefab
  artifactKey: Guid(f70bccf8a01055c48a197cf58767bfad) Importer(815301076,1909f56bfc062723c751e8b465ee728b)
Start importing Assets/My Game/My Prefabs/Projectile 1.prefab using Guid(f70bccf8a01055c48a197cf58767bfad) Importer(815301076,1909f56bfc062723c751e8b465ee728b)  -> (artifact id: '2290fda93a6bb60371748dacdb4ed1f8') in 0.018044 seconds
  Import took 0.021710 seconds .

========================================================================
Received Import Request.
  Time since last request: 0.003931 seconds.
  path: Assets/My Game/My Scripts/PlayerScript.cs
  artifactKey: Guid(72713e6c4cb934bbfab5e332c37c1666) Importer(815301076,1909f56bfc062723c751e8b465ee728b)
Start importing Assets/My Game/My Scripts/PlayerScript.cs using Guid(72713e6c4cb934bbfab5e332c37c1666) Importer(815301076,1909f56bfc062723c751e8b465ee728b)  -> (artifact id: '9123348393c223a335c1994692a10a04') in 0.008129 seconds
  Import took 0.012396 seconds .

========================================================================
Received Import Request.
  Time since last request: 0.003096 seconds.
  path: Assets/My Game/My Prefabs
  artifactKey: Guid(15bcf351e47564902bc7136855cd88a3) Importer(815301076,1909f56bfc062723c751e8b465ee728b)
Start importing Assets/My Game/My Prefabs using Guid(15bcf351e47564902bc7136855cd88a3) Importer(815301076,1909f56bfc062723c751e8b465ee728b)  -> (artifact id: 'd783cca815c58835cc0731cee2dacc5b') in 0.009135 seconds
  Import took 0.013097 seconds .

========================================================================
Received Import Request.
  Time since last request: 0.003759 seconds.
  path: Assets/My Game/My Prefabs/Example.prefab
  artifactKey: Guid(63be310f8fa87424e8dfc9d31973799b) Importer(815301076,1909f56bfc062723c751e8b465ee728b)
Start importing Assets/My Game/My Prefabs/Example.prefab using Guid(63be310f8fa87424e8dfc9d31973799b) Importer(815301076,1909f56bfc062723c751e8b465ee728b)  -> (artifact id: '23db3f1bbd605cfba23e0717bb0bdc5c') in 0.009971 seconds
  Import took 0.013005 seconds .

========================================================================
Received Import Request.
  Time since last request: 0.003282 seconds.
  path: Assets/My Game/My Scenes/Title Screen.unity
  artifactKey: Guid(779f50456e263a1498f42131c9108003) Importer(815301076,1909f56bfc062723c751e8b465ee728b)
Start importing Assets/My Game/My Scenes/Title Screen.unity using Guid(779f50456e263a1498f42131c9108003) Importer(815301076,1909f56bfc062723c751e8b465ee728b)  -> (artifact id: 'c3755e4a1a85a9065ff0f4fb7de0b144') in 0.007615 seconds
  Import took 0.011363 seconds .

========================================================================
Received Import Request.
  Time since last request: 0.003067 seconds.
  path: Assets/My Game/My Scripts/NPC_1.cs
  artifactKey: Guid(3d76a58973e0d4d9593104628407e6f3) Importer(815301076,1909f56bfc062723c751e8b465ee728b)
Start importing Assets/My Game/My Scripts/NPC_1.cs using Guid(3d76a58973e0d4d9593104628407e6f3) Importer(815301076,1909f56bfc062723c751e8b465ee728b)  -> (artifact id: '9b209c1cf8d6105a8f46f8e0db90e825') in 0.007404 seconds
  Import took 0.010409 seconds .

========================================================================
Received Import Request.
  Time since last request: 0.002220 seconds.
  path: Assets/My Game/My Scripts
  artifactKey: Guid(a79226e1bb02aaa46968554d7aba1c02) Importer(815301076,1909f56bfc062723c751e8b465ee728b)
Start importing Assets/My Game/My Scripts using Guid(a79226e1bb02aaa46968554d7aba1c02) Importer(815301076,1909f56bfc062723c751e8b465ee728b)  -> (artifact id: 'e05d3d400a363d14b0c73b8b566d7353') in 0.006888 seconds
  Import took 0.010067 seconds .

========================================================================
Received Import Request.
  Time since last request: 0.003360 seconds.
  path: Assets/My Game/My Prefabs/EnemySpider 1.prefab
  artifactKey: Guid(42d24ba5eb2213840a3b47e1a072458b) Importer(815301076,1909f56bfc062723c751e8b465ee728b)
Start importing Assets/My Game/My Prefabs/EnemySpider 1.prefab using Guid(42d24ba5eb2213840a3b47e1a072458b) Importer(815301076,1909f56bfc062723c751e8b465ee728b)  -> (artifact id: '79961e488f5da6b3679368f66bcf784a') in 0.043063 seconds
  Import took 0.048895 seconds .

========================================================================
Received Import Request.
  Time since last request: 0.004334 seconds.
  path: Assets/My Game/My Scenes/Scene 1.unity
  artifactKey: Guid(9cfccafac008fc742a9eb1c70bba5029) Importer(815301076,1909f56bfc062723c751e8b465ee728b)
Start importing Assets/My Game/My Scenes/Scene 1.unity using Guid(9cfccafac008fc742a9eb1c70bba5029) Importer(815301076,1909f56bfc062723c751e8b465ee728b)  -> (artifact id: 'e497dc88b35c2b38dbd6193410203403') in 0.008190 seconds
  Import took 0.012135 seconds .

========================================================================
Received Import Request.
  Time since last request: 0.002912 seconds.
  path: Assets/My Game/My Prefabs/Sphere.prefab
  artifactKey: Guid(4ca1d87ff17e59f4395acccab8630d90) Importer(815301076,1909f56bfc062723c751e8b465ee728b)
Start importing Assets/My Game/My Prefabs/Sphere.prefab using Guid(4ca1d87ff17e59f4395acccab8630d90) Importer(815301076,1909f56bfc062723c751e8b465ee728b)  -> (artifact id: 'e75169b60913aa89341a17f00ec93e3f') in 0.014584 seconds
  Import took 0.018199 seconds .

========================================================================
Received Import Request.
  Time since last request: 0.004293 seconds.
  path: Assets/My Game/My Prefabs/Powerup2.prefab
  artifactKey: Guid(9d0e6fd3d42685a409a7fa25cfe282c7) Importer(815301076,1909f56bfc062723c751e8b465ee728b)
Start importing Assets/My Game/My Prefabs/Powerup2.prefab using Guid(9d0e6fd3d42685a409a7fa25cfe282c7) Importer(815301076,1909f56bfc062723c751e8b465ee728b)  -> (artifact id: '5f9f38164a6e1d18423f1e343f8d050b') in 0.017642 seconds
  Import took 0.021894 seconds .

========================================================================
Received Import Request.
  Time since last request: 273.818481 seconds.
  path: Assets/New Material.mat
  artifactKey: Guid(6708439168b65c14ab2afa480945daf1) Importer(815301076,1909f56bfc062723c751e8b465ee728b)
Start importing Assets/New Material.mat using Guid(6708439168b65c14ab2afa480945daf1) Importer(815301076,1909f56bfc062723c751e8b465ee728b)  -> (artifact id: '8e0648a08b54169ae93b64607b909200') in 0.053616 seconds
  Import took 0.061689 seconds .

========================================================================
Received Import Request.
  Time since last request: 4.062682 seconds.
  path: Assets/Game Library/Models/Swamp Level/Swamp_Structure_Temple.fbx
  artifactKey: Guid(f1a547957e69045dc8ef456ecddb85fd) Importer(815301076,1909f56bfc062723c751e8b465ee728b)
Start importing Assets/Game Library/Models/Swamp Level/Swamp_Structure_Temple.fbx using Guid(f1a547957e69045dc8ef456ecddb85fd) Importer(815301076,1909f56bfc062723c751e8b465ee728b)  -> (artifact id: '6d08af5b3fe04a0539bcb77b55430614') in 0.119992 seconds
  Import took 0.124323 seconds .

========================================================================
Received Import Request.
  Time since last request: 0.000227 seconds.
  path: Assets/Game Library/Prefabs/Swamp/Swamp_Structure_Temple.prefab
  artifactKey: Guid(18f701fe3d29642aaa6e37494c18655c) Importer(815301076,1909f56bfc062723c751e8b465ee728b)
Start importing Assets/Game Library/Prefabs/Swamp/Swamp_Structure_Temple.prefab using Guid(18f701fe3d29642aaa6e37494c18655c) Importer(815301076,1909f56bfc062723c751e8b465ee728b)  -> (artifact id: '5d3396663e44a2719579664cc3bfe171') in 0.022673 seconds
  Import took 0.027980 seconds .

========================================================================
Received Prepare
Registering precompiled user dll's ...
Registered in 0.005206 seconds.
Begin MonoManager ReloadAssembly
Native extension for WindowsStandalone target not found
Refreshing native plugins compatible for Editor in 0.59 ms, found 0 plugins.
Preloading 0 native plugins for Editor in 0.00 ms.
Invoked RoslynAnalysisRunner static constructor.
RoslynAnalysisRunner will not be running.
RoslynAnalysisRunner has terminated.
Mono: successfully reloaded assembly
- Completed reload, in  0.935 seconds
Platform modules already initialized, skipping
Refreshing native plugins compatible for Editor in 0.55 ms, found 0 plugins.
Preloading 0 native plugins for Editor in 0.00 ms.
Unloading 1354 Unused Serialized files (Serialized files now loaded: 0)
System memory in use before: 87.9 MB.
System memory in use after: 87.7 MB.

Unloading 9 unused Assets to reduce memory usage. Loaded Objects now: 1904.
Total: 2.374800 ms (FindLiveObjects: 0.224400 ms CreateObjectMapping: 0.072200 ms MarkObjects: 1.704500 ms  DeleteObjects: 0.372600 ms)

========================================================================
Received Import Request.
  Time since last request: 19.849000 seconds.
  path: Assets/My Game/My Scenes/Scene 1.unity
  artifactKey: Guid(9cfccafac008fc742a9eb1c70bba5029) Importer(815301076,1909f56bfc062723c751e8b465ee728b)
Start importing Assets/My Game/My Scenes/Scene 1.unity using Guid(9cfccafac008fc742a9eb1c70bba5029) Importer(815301076,1909f56bfc062723c751e8b465ee728b)  -> (artifact id: 'f8dfe98f69a614f0067933b2679ab752') in 0.015579 seconds
  Import took 0.018865 seconds .

========================================================================
Received Prepare
Registering precompiled user dll's ...
Registered in 0.007004 seconds.
Begin MonoManager ReloadAssembly
Native extension for WindowsStandalone target not found
Refreshing native plugins compatible for Editor in 3.26 ms, found 0 plugins.
Preloading 0 native plugins for Editor in 0.00 ms.
Invoked RoslynAnalysisRunner static constructor.
RoslynAnalysisRunner will not be running.
RoslynAnalysisRunner has terminated.
Mono: successfully reloaded assembly
- Completed reload, in  2.174 seconds
Platform modules already initialized, skipping
Refreshing native plugins compatible for Editor in 1.40 ms, found 0 plugins.
Preloading 0 native plugins for Editor in 0.00 ms.
Unloading 1354 Unused Serialized files (Serialized files now loaded: 0)
System memory in use before: 88.0 MB.
System memory in use after: 87.8 MB.

Unloading 9 unused Assets to reduce memory usage. Loaded Objects now: 1907.
Total: 10.924600 ms (FindLiveObjects: 0.662000 ms CreateObjectMapping: 0.327200 ms MarkObjects: 9.082200 ms  DeleteObjects: 0.849200 ms)

========================================================================
Received Import Request.
  Time since last request: 1145.262302 seconds.
  path: Assets/My Game/My Scenes/Scene 1.unity
  artifactKey: Guid(9cfccafac008fc742a9eb1c70bba5029) Importer(815301076,1909f56bfc062723c751e8b465ee728b)
Start importing Assets/My Game/My Scenes/Scene 1.unity using Guid(9cfccafac008fc742a9eb1c70bba5029) Importer(815301076,1909f56bfc062723c751e8b465ee728b)  -> (artifact id: '7f0c56730d10e83eefd29acee9272cf9') in 0.647685 seconds
  Import took 0.679181 seconds .

AssetImportWorkerClient::OnTransportError - code=2 error=End of file
